Performing C SOURCE FILE Test CMAKE_HAVE_LIBC_PTHREAD failed with the following output:
Change Dir: /home/david/visual_studio_projects/UAV_MAVSDK_WORKSPACE_CPP/build/CMakeFiles/CMakeTmp

Run Build Command(s):/usr/bin/make cmTC_65204/fast && /usr/bin/make  -f CMakeFiles/cmTC_65204.dir/build.make CMakeFiles/cmTC_65204.dir/build
make[1]: Entering directory '/home/david/visual_studio_projects/UAV_MAVSDK_WORKSPACE_CPP/build/CMakeFiles/CMakeTmp'
Building C object CMakeFiles/cmTC_65204.dir/src.c.o
/usr/bin/cc -DCMAKE_HAVE_LIBC_PTHREAD   -o CMakeFiles/cmTC_65204.dir/src.c.o -c /home/david/visual_studio_projects/UAV_MAVSDK_WORKSPACE_CPP/build/CMakeFiles/CMakeTmp/src.c
Linking C executable cmTC_65204
/usr/bin/cmake -E cmake_link_script CMakeFiles/cmTC_65204.dir/link.txt --verbose=1
/usr/bin/cc CMakeFiles/cmTC_65204.dir/src.c.o -o cmTC_65204 
CMakeFiles/cmTC_65204.dir/src.c.o: In function `main':
src.c:(.text+0x3e): undefined reference to `pthread_create'
src.c:(.text+0x4a): undefined reference to `pthread_detach'
src.c:(.text+0x56): undefined reference to `pthread_cancel'
src.c:(.text+0x67): undefined reference to `pthread_join'
src.c:(.text+0x7b): undefined reference to `pthread_atfork'
collect2: error: ld returned 1 exit status
CMakeFiles/cmTC_65204.dir/build.make:105: recipe for target 'cmTC_65204' failed
make[1]: *** [cmTC_65204] Error 1
make[1]: Leaving directory '/home/david/visual_studio_projects/UAV_MAVSDK_WORKSPACE_CPP/build/CMakeFiles/CMakeTmp'
Makefile:140: recipe for target 'cmTC_65204/fast' failed
make: *** [cmTC_65204/fast] Error 2


Source file was:
#include <pthread.h>

static void* test_func(void* data)
{
  return data;
}

int main(void)
{
  pthread_t thread;
  pthread_create(&thread, NULL, test_func, NULL);
  pthread_detach(thread);
  pthread_cancel(thread);
  pthread_join(thread, NULL);
  pthread_atfork(NULL, NULL, NULL);
  pthread_exit(NULL);

  return 0;
}

Determining if the function pthread_create exists in the pthreads failed with the following output:
Change Dir: /home/david/visual_studio_projects/UAV_MAVSDK_WORKSPACE_CPP/build/CMakeFiles/CMakeTmp

Run Build Command(s):/usr/bin/make cmTC_49cf7/fast && /usr/bin/make  -f CMakeFiles/cmTC_49cf7.dir/build.make CMakeFiles/cmTC_49cf7.dir/build
make[1]: Entering directory '/home/david/visual_studio_projects/UAV_MAVSDK_WORKSPACE_CPP/build/CMakeFiles/CMakeTmp'
Building C object CMakeFiles/cmTC_49cf7.dir/CheckFunctionExists.c.o
/usr/bin/cc   -DCHECK_FUNCTION_EXISTS=pthread_create -o CMakeFiles/cmTC_49cf7.dir/CheckFunctionExists.c.o -c /usr/share/cmake-3.19/Modules/CheckFunctionExists.c
Linking C executable cmTC_49cf7
/usr/bin/cmake -E cmake_link_script CMakeFiles/cmTC_49cf7.dir/link.txt --verbose=1
/usr/bin/cc  -DCHECK_FUNCTION_EXISTS=pthread_create CMakeFiles/cmTC_49cf7.dir/CheckFunctionExists.c.o -o cmTC_49cf7  -lpthreads 
/usr/bin/ld: cannot find -lpthreads
collect2: error: ld returned 1 exit status
CMakeFiles/cmTC_49cf7.dir/build.make:105: recipe for target 'cmTC_49cf7' failed
make[1]: *** [cmTC_49cf7] Error 1
make[1]: Leaving directory '/home/david/visual_studio_projects/UAV_MAVSDK_WORKSPACE_CPP/build/CMakeFiles/CMakeTmp'
Makefile:140: recipe for target 'cmTC_49cf7/fast' failed
make: *** [cmTC_49cf7/fast] Error 2



Performing C SOURCE FILE Test CMAKE_HAVE_LIBC_PTHREAD failed with the following output:
Change Dir: /home/david/visual_studio_projects/UAV_MAVSDK_WORKSPACE_CPP/build/CMakeFiles/CMakeTmp

Run Build Command(s):/usr/bin/ninja cmTC_f751f && [1/2] Building C object CMakeFiles/cmTC_f751f.dir/src.c.o
[2/2] Linking C executable cmTC_f751f
FAILED: cmTC_f751f 
: && /usr/bin/c89-gcc   CMakeFiles/cmTC_f751f.dir/src.c.o -o cmTC_f751f   && :
CMakeFiles/cmTC_f751f.dir/src.c.o: In function `main':
src.c:(.text+0x3e): undefined reference to `pthread_create'
src.c:(.text+0x4a): undefined reference to `pthread_detach'
src.c:(.text+0x56): undefined reference to `pthread_cancel'
src.c:(.text+0x67): undefined reference to `pthread_join'
src.c:(.text+0x7b): undefined reference to `pthread_atfork'
collect2: error: ld returned 1 exit status
ninja: build stopped: subcommand failed.


Source file was:
#include <pthread.h>

static void* test_func(void* data)
{
  return data;
}

int main(void)
{
  pthread_t thread;
  pthread_create(&thread, NULL, test_func, NULL);
  pthread_detach(thread);
  pthread_cancel(thread);
  pthread_join(thread, NULL);
  pthread_atfork(NULL, NULL, NULL);
  pthread_exit(NULL);

  return 0;
}

Determining if the function pthread_create exists in the pthreads failed with the following output:
Change Dir: /home/david/visual_studio_projects/UAV_MAVSDK_WORKSPACE_CPP/build/CMakeFiles/CMakeTmp

Run Build Command(s):/usr/bin/ninja cmTC_7363c && [1/2] Building C object CMakeFiles/cmTC_7363c.dir/CheckFunctionExists.c.o
[2/2] Linking C executable cmTC_7363c
FAILED: cmTC_7363c 
: && /usr/bin/c89-gcc -DCHECK_FUNCTION_EXISTS=pthread_create  CMakeFiles/cmTC_7363c.dir/CheckFunctionExists.c.o -o cmTC_7363c  -lpthreads && :
/usr/bin/ld: cannot find -lpthreads
collect2: error: ld returned 1 exit status
ninja: build stopped: subcommand failed.



